Experiment 'pythonTensorboardExperiment' is active
Experiment 'PythonPyTorchProfiler' is active
LSP Notebooks experiment is disabled -- not in treatment group
> ~/.vscode/extensions/ms-python.python-2022.10.1/pythonFiles/get_output_via_markers.py ~/.vscode/extensions/ms-python.python-2022.10.1/pythonFiles/interpreterInfo.py
[ERROR 2022-6-22 20:25:39.242]: [Error: Command failed: /home/denis/.vscode/extensions/ms-python.python-2022.10.1/pythonFiles/get_output_via_markers.py /home/denis/.vscode/extensions/ms-python.python-2022.10.1/pythonFiles/interpreterInfo.py
/bin/sh: line 1: /home/denis/.vscode/extensions/ms-python.python-2022.10.1/pythonFiles/get_output_via_markers.py: Permission denied

	at ChildProcess.exithandler (node:child_process:406:12)
	at ChildProcess.emit (node:events:390:28)
	at maybeClose (node:internal/child_process:1064:16)
	at Socket.<anonymous> (node:internal/child_process:450:11)
	at Socket.emit (node:events:390:28)
	at Pipe.<anonymous> (node:net:687:12)] {
  killed: false,
  code: 126,
  signal: null,
  cmd: '/home/denis/.vscode/extensions/ms-python.python-2022.10.1/pythonFiles/get_output_via_markers.py /home/denis/.vscode/extensions/ms-python.python-2022.10.1/pythonFiles/interpreterInfo.py'
}
Starting Pylance language server.
Diagnostic Code: NoPythonInterpretersDiagnostic, Message: Python is not installed. Please download and install Python before using the extension.
> /usr/bin/python ~/.vscode/extensions/ms-python.python-2022.10.1/pythonFiles/get_output_via_markers.py ~/.vscode/extensions/ms-python.python-2022.10.1/pythonFiles/interpreterInfo.py
Starting Pylance language server.
Python interpreter path: /usr/bin/python
Starting Pylance language server.
DAP Server launched with command: /usr/bin/python /home/denis/.vscode/extensions/ms-python.python-2022.10.1/pythonFiles/lib/python/debugpy/adapter
DAP Server launched with command: /usr/bin/python /home/denis/.vscode/extensions/ms-python.python-2022.10.1/pythonFiles/lib/python/debugpy/adapter
DAP Server launched with command: /usr/bin/python /home/denis/.vscode/extensions/ms-python.python-2022.10.1/pythonFiles/lib/python/debugpy/adapter
