[2022-07-22 20:22:20.019] [sharedprocess] [info] Starting worker process with pid 27636 (type: fileWatcher, window: 1).
[2022-07-22 20:23:22.189] [sharedprocess] [info] Getting Manifest... alexanderte.dainty-nord-vscode
[2022-07-22 20:23:22.209] [sharedprocess] [info] Installing extension: alexanderte.dainty-nord-vscode
[2022-07-22 20:23:25.438] [sharedprocess] [info] Downloaded extension: alexanderte.dainty-nord-vscode /home/denis/.config/Code/CachedExtensionVSIXs/alexanderte.dainty-nord-vscode-1.0.1
[2022-07-22 20:23:25.659] [sharedprocess] [info] Extracted extension to /home/denis/.vscode/extensions/.36e411e2-95cf-42f4-af6a-2a08d3c54d0e: alexanderte.dainty-nord-vscode
[2022-07-22 20:23:25.708] [sharedprocess] [info] Renamed to /home/denis/.vscode/extensions/alexanderte.dainty-nord-vscode-1.0.1
[2022-07-22 20:23:25.714] [sharedprocess] [info] Extracting completed. alexanderte.dainty-nord-vscode
[2022-07-22 20:23:25.719] [sharedprocess] [info] Extension installed successfully: alexanderte.dainty-nord-vscode
[2022-07-22 20:24:54.183] [sharedprocess] [info] Getting Manifest... ms-python.python
[2022-07-22 20:24:54.198] [sharedprocess] [info] Installing extension: ms-python.python
[2022-07-22 20:24:55.104] [sharedprocess] [info] Getting Manifest... ms-toolsai.jupyter
[2022-07-22 20:24:56.062] [sharedprocess] [info] Getting Manifest... ms-toolsai.jupyter-keymap
[2022-07-22 20:24:56.766] [sharedprocess] [info] Getting Manifest... ms-toolsai.jupyter-renderers
[2022-07-22 20:24:57.480] [sharedprocess] [info] Getting Manifest... ms-python.vscode-pylance
[2022-07-22 20:24:58.347] [sharedprocess] [info] Installing extension: ms-toolsai.jupyter
[2022-07-22 20:24:58.348] [sharedprocess] [info] Installing extension: ms-toolsai.jupyter-keymap
[2022-07-22 20:24:58.348] [sharedprocess] [info] Installing extension: ms-toolsai.jupyter-renderers
[2022-07-22 20:24:58.348] [sharedprocess] [info] Installing extension: ms-python.vscode-pylance
[2022-07-22 20:25:05.248] [sharedprocess] [info] Downloaded extension: ms-toolsai.jupyter-keymap /home/denis/.config/Code/CachedExtensionVSIXs/ms-toolsai.jupyter-keymap-1.0.0
[2022-07-22 20:25:05.295] [sharedprocess] [info] Extracted extension to /home/denis/.vscode/extensions/.db6a9255-3e38-499b-9f6d-df20e3d2434e: ms-toolsai.jupyter-keymap
[2022-07-22 20:25:05.379] [sharedprocess] [info] Renamed to /home/denis/.vscode/extensions/ms-toolsai.jupyter-keymap-1.0.0
[2022-07-22 20:25:05.382] [sharedprocess] [info] Extracting completed. ms-toolsai.jupyter-keymap
[2022-07-22 20:25:11.078] [sharedprocess] [info] Downloaded extension: ms-toolsai.jupyter /home/denis/.config/Code/CachedExtensionVSIXs/ms-toolsai.jupyter-2022.6.1201981810
[2022-07-22 20:25:11.558] [sharedprocess] [info] Downloaded extension: ms-toolsai.jupyter-renderers /home/denis/.config/Code/CachedExtensionVSIXs/ms-toolsai.jupyter-renderers-1.0.9
[2022-07-22 20:25:12.263] [sharedprocess] [info] Extracted extension to /home/denis/.vscode/extensions/.8d934f1b-b03c-4d89-afe7-e1a967d72336: ms-toolsai.jupyter-renderers
[2022-07-22 20:25:12.478] [sharedprocess] [info] Downloaded extension: ms-python.python /home/denis/.config/Code/CachedExtensionVSIXs/ms-python.python-2022.10.1
[2022-07-22 20:25:12.497] [sharedprocess] [info] Renamed to /home/denis/.vscode/extensions/ms-toolsai.jupyter-renderers-1.0.9
[2022-07-22 20:25:12.503] [sharedprocess] [info] Extracting completed. ms-toolsai.jupyter-renderers
[2022-07-22 20:25:13.247] [sharedprocess] [info] Extracted extension to /home/denis/.vscode/extensions/.c7c89cc1-18cd-4906-a4ae-b6605b2a820a: ms-toolsai.jupyter
[2022-07-22 20:25:13.326] [sharedprocess] [info] Renamed to /home/denis/.vscode/extensions/ms-toolsai.jupyter-2022.6.1201981810
[2022-07-22 20:25:13.352] [sharedprocess] [info] Extracting completed. ms-toolsai.jupyter
[2022-07-22 20:25:17.366] [sharedprocess] [info] Extracted extension to /home/denis/.vscode/extensions/.fb7a966a-5a28-4b0b-8ec3-50f63ce521a0: ms-python.python
[2022-07-22 20:25:17.439] [sharedprocess] [info] Renamed to /home/denis/.vscode/extensions/ms-python.python-2022.10.1
[2022-07-22 20:25:17.452] [sharedprocess] [info] Extracting completed. ms-python.python
[2022-07-22 20:25:26.093] [sharedprocess] [info] Downloaded extension: ms-python.vscode-pylance /home/denis/.config/Code/CachedExtensionVSIXs/ms-python.vscode-pylance-2022.7.40
[2022-07-22 20:25:32.933] [sharedprocess] [info] Extracted extension to /home/denis/.vscode/extensions/.271a2281-abea-41ee-b281-225cd27493cd: ms-python.vscode-pylance
[2022-07-22 20:25:34.227] [sharedprocess] [info] Renamed to /home/denis/.vscode/extensions/ms-python.vscode-pylance-2022.7.40
[2022-07-22 20:25:34.238] [sharedprocess] [info] Extracting completed. ms-python.vscode-pylance
[2022-07-22 20:25:34.256] [sharedprocess] [info] Extension installed successfully: ms-toolsai.jupyter-keymap
[2022-07-22 20:25:34.257] [sharedprocess] [info] Extension installed successfully: ms-toolsai.jupyter-renderers
[2022-07-22 20:25:34.257] [sharedprocess] [info] Extension installed successfully: ms-toolsai.jupyter
[2022-07-22 20:25:34.257] [sharedprocess] [info] Extension installed successfully: ms-python.python
[2022-07-22 20:25:34.258] [sharedprocess] [info] Extension installed successfully: ms-python.vscode-pylance
[2022-07-22 20:27:45.471] [sharedprocess] [info] Getting Manifest... donjayamanne.python-extension-pack
[2022-07-22 20:27:45.507] [sharedprocess] [info] Installing extension: donjayamanne.python-extension-pack
[2022-07-22 20:27:46.303] [sharedprocess] [info] Getting Manifest... visualstudioexptteam.vscodeintellicode
[2022-07-22 20:27:49.427] [sharedprocess] [info] Getting Manifest... batisteo.vscode-django
[2022-07-22 20:27:50.278] [sharedprocess] [info] Getting Manifest... wholroyd.jinja
[2022-07-22 20:27:51.045] [sharedprocess] [info] Getting Manifest... njpwerner.autodocstring
[2022-07-22 20:27:51.757] [sharedprocess] [info] Getting Manifest... kevinrose.vsc-python-indent
[2022-07-22 20:27:51.772] [sharedprocess] [info] Getting Manifest... donjayamanne.python-environment-manager
[2022-07-22 20:27:52.957] [sharedprocess] [info] Installing extension: visualstudioexptteam.vscodeintellicode
[2022-07-22 20:27:52.958] [sharedprocess] [info] Installing extension: batisteo.vscode-django
[2022-07-22 20:27:52.959] [sharedprocess] [info] Installing extension: wholroyd.jinja
[2022-07-22 20:27:52.960] [sharedprocess] [info] Installing extension: njpwerner.autodocstring
[2022-07-22 20:27:52.961] [sharedprocess] [info] Installing extension: kevinrose.vsc-python-indent
[2022-07-22 20:27:52.961] [sharedprocess] [info] Installing extension: donjayamanne.python-environment-manager
[2022-07-22 20:27:57.062] [sharedprocess] [info] Downloaded extension: batisteo.vscode-django /home/denis/.config/Code/CachedExtensionVSIXs/batisteo.vscode-django-1.10.0
[2022-07-22 20:27:57.582] [sharedprocess] [info] Extracted extension to /home/denis/.vscode/extensions/.230f7ffb-a1e5-4b6a-bffa-a1553f919dd3: batisteo.vscode-django
[2022-07-22 20:27:57.670] [sharedprocess] [info] Renamed to /home/denis/.vscode/extensions/batisteo.vscode-django-1.10.0
[2022-07-22 20:27:57.678] [sharedprocess] [info] Extracting completed. batisteo.vscode-django
[2022-07-22 20:28:01.555] [sharedprocess] [info] Downloaded extension: visualstudioexptteam.vscodeintellicode /home/denis/.config/Code/CachedExtensionVSIXs/visualstudioexptteam.vscodeintellicode-1.2.22
[2022-07-22 20:28:03.499] [sharedprocess] [info] Downloaded extension: wholroyd.jinja /home/denis/.config/Code/CachedExtensionVSIXs/wholroyd.jinja-0.0.8
[2022-07-22 20:28:03.604] [sharedprocess] [info] Extracted extension to /home/denis/.vscode/extensions/.d91b87ae-507f-4669-8122-dd265af29ada: wholroyd.jinja
[2022-07-22 20:28:03.665] [sharedprocess] [info] Renamed to /home/denis/.vscode/extensions/wholroyd.jinja-0.0.8
[2022-07-22 20:28:03.674] [sharedprocess] [info] Extracting completed. wholroyd.jinja
[2022-07-22 20:28:03.769] [sharedprocess] [info] Downloaded extension: kevinrose.vsc-python-indent /home/denis/.config/Code/CachedExtensionVSIXs/kevinrose.vsc-python-indent-1.17.0
[2022-07-22 20:28:04.716] [sharedprocess] [info] Extracted extension to /home/denis/.vscode/extensions/.8631ca84-537a-48cb-a397-eda84c919db4: kevinrose.vsc-python-indent
[2022-07-22 20:28:04.791] [sharedprocess] [info] Extracted extension to /home/denis/.vscode/extensions/.e0b309f3-7e5f-422e-96f6-b43eac475cb9: visualstudioexptteam.vscodeintellicode
[2022-07-22 20:28:04.815] [sharedprocess] [info] Downloaded extension: njpwerner.autodocstring /home/denis/.config/Code/CachedExtensionVSIXs/njpwerner.autodocstring-0.6.1
[2022-07-22 20:28:04.941] [sharedprocess] [info] Renamed to /home/denis/.vscode/extensions/visualstudioexptteam.vscodeintellicode-1.2.22
[2022-07-22 20:28:04.942] [sharedprocess] [info] Downloaded extension: donjayamanne.python-environment-manager /home/denis/.config/Code/CachedExtensionVSIXs/donjayamanne.python-environment-manager-1.0.4
[2022-07-22 20:28:04.959] [sharedprocess] [info] Extracting completed. visualstudioexptteam.vscodeintellicode
[2022-07-22 20:28:04.970] [sharedprocess] [info] Renamed to /home/denis/.vscode/extensions/kevinrose.vsc-python-indent-1.17.0
[2022-07-22 20:28:04.979] [sharedprocess] [info] Extracting completed. kevinrose.vsc-python-indent
[2022-07-22 20:28:05.686] [sharedprocess] [info] Extracted extension to /home/denis/.vscode/extensions/.da55f396-bce4-44f5-ab6d-df9f9afd688f: njpwerner.autodocstring
[2022-07-22 20:28:05.755] [sharedprocess] [info] Renamed to /home/denis/.vscode/extensions/njpwerner.autodocstring-0.6.1
[2022-07-22 20:28:05.767] [sharedprocess] [info] Extracting completed. njpwerner.autodocstring
[2022-07-22 20:28:14.189] [sharedprocess] [info] Extracted extension to /home/denis/.vscode/extensions/.98537c05-2a23-46df-9e58-edbcb960b44f: donjayamanne.python-environment-manager
[2022-07-22 20:28:14.279] [sharedprocess] [info] Renamed to /home/denis/.vscode/extensions/donjayamanne.python-environment-manager-1.0.4
[2022-07-22 20:28:14.304] [sharedprocess] [info] Extracting completed. donjayamanne.python-environment-manager
[2022-07-22 20:28:16.237] [sharedprocess] [info] Downloaded extension: donjayamanne.python-extension-pack /home/denis/.config/Code/CachedExtensionVSIXs/donjayamanne.python-extension-pack-1.7.0
[2022-07-22 20:28:16.275] [sharedprocess] [info] Extracted extension to /home/denis/.vscode/extensions/.3032cacd-7c11-4933-87fa-c8c32a6ec24f: donjayamanne.python-extension-pack
[2022-07-22 20:28:16.327] [sharedprocess] [info] Renamed to /home/denis/.vscode/extensions/donjayamanne.python-extension-pack-1.7.0
[2022-07-22 20:28:16.333] [sharedprocess] [info] Extracting completed. donjayamanne.python-extension-pack
[2022-07-22 20:28:16.349] [sharedprocess] [info] Extension installed successfully: batisteo.vscode-django
[2022-07-22 20:28:16.350] [sharedprocess] [info] Extension installed successfully: wholroyd.jinja
[2022-07-22 20:28:16.351] [sharedprocess] [info] Extension installed successfully: visualstudioexptteam.vscodeintellicode
[2022-07-22 20:28:16.352] [sharedprocess] [info] Extension installed successfully: kevinrose.vsc-python-indent
[2022-07-22 20:28:16.353] [sharedprocess] [info] Extension installed successfully: njpwerner.autodocstring
[2022-07-22 20:28:16.354] [sharedprocess] [info] Extension installed successfully: donjayamanne.python-environment-manager
[2022-07-22 20:28:16.354] [sharedprocess] [info] Extension installed successfully: donjayamanne.python-extension-pack
