2022-08-31 18:29:08 Loading main app package /tmp/.mount_obsidi8GBlb8/resources/obsidian.asar
2022-08-31 18:29:09 Checking for update using Github
2022-08-31 18:29:14 Success.
2022-08-31 18:29:14 Latest version is 0.15.9
2022-08-31 18:29:14 App is up to date.
2022-08-31 18:29:30 Loading main app package /tmp/.mount_obsidiDvMdoD/resources/obsidian.asar
2022-08-31 18:29:31 Checking for update using Github
2022-08-31 18:29:58 Loading main app package /tmp/.mount_obsidiczJ5fu/resources/obsidian.asar
2022-08-31 18:29:59 Checking for update using Github
2022-08-31 18:30:04 Success.
2022-08-31 18:30:05 Latest version is 0.15.9
2022-08-31 18:30:05 App is up to date.
2022-08-31 19:29:58 Checking for update using Github
2022-08-31 19:30:04 Success.
2022-08-31 19:30:04 Latest version is 0.15.9
2022-08-31 19:30:04 App is up to date.
2022-08-31 21:51:22 Checking for update using Github
2022-08-31 21:51:23 Success.
2022-08-31 21:51:23 Latest version is 0.15.9
2022-08-31 21:51:23 App is up to date.
2022-09-01 08:15:29 Loading main app package /tmp/.mount_obsidiPu6SZz/resources/obsidian.asar
2022-09-01 08:15:32 Checking for update using Github
2022-09-01 08:15:34 Success.
2022-09-01 08:15:34 Latest version is 0.15.9
2022-09-01 08:15:34 App is up to date.
2022-09-01 09:15:30 Checking for update using Github
2022-09-01 09:15:30 Success.
2022-09-01 09:15:30 Latest version is 0.15.9
2022-09-01 09:15:30 App is up to date.
2022-09-01 10:15:30 Checking for update using Github
2022-09-01 10:15:30 Success.
2022-09-01 10:15:30 Latest version is 0.15.9
2022-09-01 10:15:30 App is up to date.
2022-09-01 14:15:45 Checking for update using Github
2022-09-01 14:15:50 Success.
2022-09-01 14:15:50 Latest version is 0.15.9
2022-09-01 14:15:50 App is up to date.
2022-09-01 15:15:45 Checking for update using Github
2022-09-01 15:15:50 Success.
2022-09-01 15:15:50 Latest version is 0.15.9
2022-09-01 15:15:50 App is up to date.
2022-09-01 17:13:45 Checking for update using Github
2022-09-01 17:13:45 Success.
2022-09-01 17:13:45 Latest version is 0.15.9
2022-09-01 17:13:45 App is up to date.
2022-09-01 18:43:39 Checking for update using Github
2022-09-01 18:43:45 Success.
2022-09-01 18:43:45 Latest version is 0.15.9
2022-09-01 18:43:45 App is up to date.
2022-09-01 19:43:40 Checking for update using Github
2022-09-01 19:43:40 Success.
2022-09-01 19:43:40 Latest version is 0.15.9
2022-09-01 19:43:40 App is up to date.
