[2022-07-22 23:48:14.922] [info] Checking for update
[2022-07-22 23:48:15.001] [info] Error reading /home/denis/.config/notion-app/cookies.json {
  constructor: 'Error',
  errno: -2,
  syscall: 'open',
  code: 'ENOENT',
  path: '/home/denis/.config/notion-app/cookies.json',
  stack: "Error: /home/denis/.config/notion-app/cookies.json: ENOENT: no such file or directory, open '/home/denis/.config/notion-app/cookies.json'\n" +
    '    at Object.openSync (fs.js:466:3)\n' +
    '    at Object.func [as openSync] (electron/js2c/asar_bundle.js:5:1812)\n' +
    '    at Object.readFileSync (fs.js:368:35)\n' +
    '    at Object.e.readFileSync (electron/js2c/asar_bundle.js:5:8592)\n' +
    '    at Object.readFileSync (/opt/Notion/resources/app.asar/node_modules/jsonfile/index.js:61:22)\n' +
    '    at JsonStore.loadSync (/opt/Notion/resources/app.asar/main/JsonStore.js:38:44)\n' +
    '    at new JsonStore (/opt/Notion/resources/app.asar/main/JsonStore.js:15:14)\n' +
    '    at Object.<anonymous> (/opt/Notion/resources/app.asar/main/schemeHandler.js:37:25)\n' +
    '    at Module._compile (internal/modules/cjs/loader.js:1152:30)\n' +
    '    at Object.Module._extensions..js (internal/modules/cjs/loader.js:1173:10)'
}
[2022-07-22 23:48:15.642] [info] {
  level: 'info',
  from: 'AssetCache',
  type: 'latestVersionPath',
  data: {
    message: 'latestVersion.json path /home/denis/.config/notion-app/notionAssetCache-v2/latestVersion.json'
  }
}
[2022-07-22 23:48:15.646] [error] Error: Error: ENOENT: no such file or directory, open '/opt/Notion/resources/app-update.yml'
[2022-07-22 23:48:15.648] [info] {
  level: 'info',
  from: 'autoUpdater',
  type: 'unsupportedLinuxApp',
  error: {
    name: 'Error',
    message: "ENOENT: no such file or directory, open '/opt/Notion/resources/app-update.yml'",
    stack: "Error: ENOENT: no such file or directory, open '/opt/Notion/resources/app-update.yml'"
  }
}
[2022-07-22 23:48:15.652] [info] {
  level: 'info',
  from: 'AssetCache',
  type: 'errorReadingPath',
  error: {
    name: 'Error',
    message: "ENOENT: no such file or directory, open '/home/denis/.config/notion-app/notionAssetCache-v2/latestVersion.json'",
    stack: "Error: ENOENT: no such file or directory, open '/home/denis/.config/notion-app/notionAssetCache-v2/latestVersion.json'"
  },
  data: {
    message: 'Error reading /home/denis/.config/notion-app/notionAssetCache-v2/latestVersion.json'
  }
}
[2022-07-22 23:48:15.653] [info] {
  level: 'info',
  from: 'AssetCache',
  type: 'currentVersionLoaded',
  data: {}
}
[2022-07-22 23:48:15.653] [info] {
  level: 'info',
  from: 'AssetCache',
  type: 'syncVersionEmptyLatestVersion'
}
[2022-07-22 23:48:15.654] [info] {
  level: 'info',
  from: 'AssetCache',
  type: 'currentSyncedAssetsJson',
  data: {}
}
[2022-07-22 23:48:18.562] [info] {
  level: 'info',
  from: 'AssetCache',
  type: 'appUpdateAvailable',
  data: { version: '23.10.25.61' }
}
[2022-07-22 23:48:18.843] [info] Quitting...
[2022-07-22 23:48:18.845] [info] Killing child process
[2022-07-22 23:50:21.127] [info] Checking for update
[2022-07-22 23:50:21.752] [info] {
  level: 'info',
  from: 'AssetCache',
  type: 'latestVersionPath',
  data: {
    message: 'latestVersion.json path /home/denis/.config/notion-app/notionAssetCache-v2/latestVersion.json'
  }
}
[2022-07-22 23:50:21.756] [error] Error: Error: ENOENT: no such file or directory, open '/opt/Notion/resources/app-update.yml'
[2022-07-22 23:50:21.758] [info] {
  level: 'info',
  from: 'autoUpdater',
  type: 'unsupportedLinuxApp',
  error: {
    name: 'Error',
    message: "ENOENT: no such file or directory, open '/opt/Notion/resources/app-update.yml'",
    stack: "Error: ENOENT: no such file or directory, open '/opt/Notion/resources/app-update.yml'"
  }
}
[2022-07-22 23:50:21.762] [info] {
  level: 'info',
  from: 'AssetCache',
  type: 'errorReadingPath',
  error: {
    name: 'Error',
    message: "ENOENT: no such file or directory, open '/home/denis/.config/notion-app/notionAssetCache-v2/latestVersion.json'",
    stack: "Error: ENOENT: no such file or directory, open '/home/denis/.config/notion-app/notionAssetCache-v2/latestVersion.json'"
  },
  data: {
    message: 'Error reading /home/denis/.config/notion-app/notionAssetCache-v2/latestVersion.json'
  }
}
[2022-07-22 23:50:21.763] [info] {
  level: 'info',
  from: 'AssetCache',
  type: 'currentVersionLoaded',
  data: {}
}
[2022-07-22 23:50:21.764] [info] {
  level: 'info',
  from: 'AssetCache',
  type: 'syncVersionEmptyLatestVersion'
}
[2022-07-22 23:50:21.764] [info] {
  level: 'info',
  from: 'AssetCache',
  type: 'currentSyncedAssetsJson',
  data: {}
}
[2022-07-22 23:50:26.510] [info] {
  level: 'info',
  from: 'AssetCache',
  type: 'appUpdateAvailable',
  data: { version: '23.10.25.61' }
}
[2022-07-22 23:50:33.508] [info] { level: 'info', from: 'AssetCache', type: 'checkingForAppUpdate2' }
[2022-07-22 23:50:33.510] [info] {
  level: 'info',
  from: 'AssetCache',
  type: 'appUpdateDownloadComplete',
  data: { version: '23.10.25.61' }
}
[2022-07-22 23:50:33.512] [info] {
  level: 'info',
  from: 'AssetCache',
  type: 'installingAppUpdate',
  data: { version: '23.10.25.61' }
}
[2022-07-23 00:00:33.524] [info] { level: 'info', from: 'AssetCache', type: 'checkingForAppUpdate' }
[2022-07-23 00:00:37.515] [info] {
  level: 'info',
  from: 'AssetCache',
  type: 'appUpdateAvailable',
  data: { version: '23.10.25.62' }
}
[2022-07-23 00:00:39.270] [info] { level: 'info', from: 'AssetCache', type: 'checkingForAppUpdate2' }
[2022-07-23 00:00:39.271] [info] {
  level: 'info',
  from: 'AssetCache',
  type: 'appUpdateDownloadComplete',
  data: { version: '23.10.25.62' }
}
[2022-07-23 00:00:39.272] [info] {
  level: 'info',
  from: 'AssetCache',
  type: 'installingAppUpdate',
  data: { version: '23.10.25.62' }
}
[2022-07-23 00:10:39.274] [info] { level: 'info', from: 'AssetCache', type: 'checkingForAppUpdate' }
[2022-07-23 00:10:44.718] [info] { level: 'info', from: 'AssetCache', type: 'noAppUpdateAvailable2' }
[2022-07-23 00:10:58.025] [info] Quitting...
[2022-07-23 00:10:58.026] [info] Killing child process
[2022-07-23 11:58:58.769] [info] Checking for update
[2022-07-23 11:59:03.015] [info] {
  level: 'info',
  from: 'AssetCache',
  type: 'latestVersionPath',
  data: {
    message: 'latestVersion.json path /home/denis/.config/notion-app/notionAssetCache-v2/latestVersion.json'
  }
}
[2022-07-23 11:59:03.019] [error] Error: Error: ENOENT: no such file or directory, open '/opt/Notion/resources/app-update.yml'
[2022-07-23 11:59:03.021] [info] {
  level: 'info',
  from: 'autoUpdater',
  type: 'unsupportedLinuxApp',
  error: {
    name: 'Error',
    message: "ENOENT: no such file or directory, open '/opt/Notion/resources/app-update.yml'",
    stack: "Error: ENOENT: no such file or directory, open '/opt/Notion/resources/app-update.yml'"
  }
}
[2022-07-23 11:59:03.194] [info] {
  level: 'info',
  from: 'AssetCache',
  type: 'currentVersionLoaded',
  data: { version: '23.10.25.62', hash: '117d3298b2a622e4610a24048f26ddd2' }
}
[2022-07-23 11:59:03.196] [info] {
  level: 'info',
  from: 'AssetCache',
  type: 'syncVersions',
  data: {
    message: 'Sync versions: assets.json path /home/denis/.config/notion-app/notionAssetCache-v2/23.10.25.62/assets.json headers.json path /home/denis/.config/notion-app/notionAssetCache-v2/23.10.25.62/headers.json'
  }
}
[2022-07-23 11:59:03.286] [info] {
  level: 'info',
  from: 'AssetCache',
  type: 'currentSyncedAssetsJson',
  data: { version: '23.10.25.62' }
}
[2022-07-23 11:59:04.255] [info] { level: 'info', from: 'AssetCache', type: 'noAppUpdateAvailable2' }
[2022-07-23 11:59:07.328] [info] {
  level: 'info',
  from: 'AssetCache',
  type: 'syncVersionSameSkippingSync'
}
[2022-07-23 11:59:07.331] [info] {
  level: 'info',
  from: 'AssetCache',
  type: 'performingFileRequest2',
  data: {
    message: 'Performing file request: /, abs path /home/denis/.config/notion-app/notionAssetCache-v2/23.10.25.62/assets/index-en-US-2bdfd2fb6bc38459d585.html'
  }
}
[2022-07-23 11:59:07.485] [info] {
  level: 'info',
  from: 'AssetCache',
  type: 'performingFileRequest',
  data: {
    absolutePath: '/home/denis/.config/notion-app/notionAssetCache-v2/23.10.25.62/assets/51-1470ef317cf45ee32c89.js',
    url: '/51-1470ef317cf45ee32c89.js'
  }
}
[2022-07-23 11:59:07.490] [info] {
  level: 'info',
  from: 'AssetCache',
  type: 'performingFileRequest',
  data: {
    absolutePath: '/home/denis/.config/notion-app/notionAssetCache-v2/23.10.25.62/assets/app-15323c4032eb30a29cbd.js',
    url: '/app-15323c4032eb30a29cbd.js'
  }
}
[2022-07-23 11:59:07.496] [info] {
  level: 'info',
  from: 'AssetCache',
  type: 'performingFileRequest',
  data: {
    absolutePath: '/home/denis/.config/notion-app/notionAssetCache-v2/23.10.25.62/assets/app-92ff32befcdf57a136ce.css',
    url: '/app-92ff32befcdf57a136ce.css'
  }
}
[2022-07-23 11:59:07.504] [info] {
  level: 'info',
  from: 'AssetCache',
  type: 'performingFileRequest',
  data: {
    absolutePath: '/home/denis/.config/notion-app/notionAssetCache-v2/23.10.25.62/assets/print.b31f28aa.css',
    url: '/print.b31f28aa.css'
  }
}
[2022-07-23 11:59:10.755] [info] {
  level: 'info',
  from: 'AssetCache',
  type: 'performingFileRequest',
  data: {
    absolutePath: '/home/denis/.config/notion-app/notionAssetCache-v2/23.10.25.62/assets/primusV8-d8db239673739b075de6.js',
    url: '/primusV8-d8db239673739b075de6.js'
  }
}
[2022-07-23 11:59:12.766] [info] {
  level: 'info',
  from: 'AssetCache',
  type: 'performingFileRequest',
  data: {
    absolutePath: '/home/denis/.config/notion-app/notionAssetCache-v2/23.10.25.62/assets/emoji-english-051f3206b49b0e273161.js',
    url: '/emoji-english-051f3206b49b0e273161.js'
  }
}
[2022-07-23 11:59:12.775] [info] {
  level: 'info',
  from: 'AssetCache',
  type: 'performingFileRequest',
  data: {
    absolutePath: '/home/denis/.config/notion-app/notionAssetCache-v2/23.10.25.62/assets/567-f8bc117179a9baeae5b0.js',
    url: '/567-f8bc117179a9baeae5b0.js'
  }
}
[2022-07-23 11:59:12.777] [info] {
  level: 'info',
  from: 'AssetCache',
  type: 'performingFileRequest',
  data: {
    absolutePath: '/home/denis/.config/notion-app/notionAssetCache-v2/23.10.25.62/assets/987-5fc1f8f7f86b154fac45.js',
    url: '/987-5fc1f8f7f86b154fac45.js'
  }
}
[2022-07-23 11:59:12.779] [info] {
  level: 'info',
  from: 'AssetCache',
  type: 'performingFileRequest',
  data: {
    absolutePath: '/home/denis/.config/notion-app/notionAssetCache-v2/23.10.25.62/assets/827-b4d1c0d4c79abd3f77b6.js',
    url: '/827-b4d1c0d4c79abd3f77b6.js'
  }
}
[2022-07-23 11:59:12.781] [info] {
  level: 'info',
  from: 'AssetCache',
  type: 'performingFileRequest',
  data: {
    absolutePath: '/home/denis/.config/notion-app/notionAssetCache-v2/23.10.25.62/assets/438-1c0e3343ceddd5ce310a.js',
    url: '/438-1c0e3343ceddd5ce310a.js'
  }
}
[2022-07-23 11:59:12.783] [info] {
  level: 'info',
  from: 'AssetCache',
  type: 'performingFileRequest',
  data: {
    absolutePath: '/home/denis/.config/notion-app/notionAssetCache-v2/23.10.25.62/assets/postRender-5e66d4fbb75dfe1df75f.js',
    url: '/postRender-5e66d4fbb75dfe1df75f.js'
  }
}
[2022-07-23 11:59:13.087] [info] {
  level: 'info',
  from: 'AssetCache',
  type: 'performingFileRequest',
  data: {
    absolutePath: '/home/denis/.config/notion-app/notionAssetCache-v2/23.10.25.62/assets/markdown-linkify-it-de6de0a7cf56f508e657.js',
    url: '/markdown-linkify-it-de6de0a7cf56f508e657.js'
  }
}
[2022-07-23 11:59:13.090] [info] {
  level: 'info',
  from: 'AssetCache',
  type: 'performingFileRequest',
  data: {
    absolutePath: '/home/denis/.config/notion-app/notionAssetCache-v2/23.10.25.62/assets/tinymce-word-paste-filter-f53fbfab3c962ddda1d0.js',
    url: '/tinymce-word-paste-filter-f53fbfab3c962ddda1d0.js'
  }
}
[2022-07-23 11:59:13.111] [info] {
  level: 'info',
  from: 'AssetCache',
  type: 'performingFileRequest',
  data: {
    absolutePath: '/home/denis/.config/notion-app/notionAssetCache-v2/23.10.25.62/assets/analytics-amplitude-3c68b6ff07d238a40a08.js',
    url: '/analytics-amplitude-3c68b6ff07d238a40a08.js'
  }
}
[2022-07-23 11:59:16.551] [info] Quitting...
[2022-07-23 11:59:16.552] [info] Killing child process
